So I think we can not live if old people could not find sciences and technologies and they did not develop .
For not use a car .
There was no promise of morning except that when we looked up through the trees we saw how low the forest had swung .
Thus , even today , sex is considered as the least important topic in many parts of India .
Image you say you are working in factory just to do one thing like pot taire on car if they fire you you will destroy , because you do n't know more than pot taire in car .
They draw the consumers , like me , to purchase this great product with all these amazing ingredients and all that , but actually they just sometimes make something up just to increase their sales .
I want to talk about nocive or bad products like alcohol , hair spray and cigarettes .
For example , they can play football whenever they want but the olders can not .
It figures Diana Krall wearing a Rolex watch and has a text that suggests that if the reader wants to belong to the restricted club , not necessarily of Rolex watch wearers , but of highly talented , sophisticated and competent artists , he or she should also have a Rolex .
There are several reasons .
Also , the work of the media , television , magazines , and every stuff made for publicity affects the emotions of many people around the world , encouraging them to buy and buy anything they can .
Since most urban areas are occupied with cars , they are all facing up with an irresistible problem of air and noise pollution .
It is true that consumers prefer to buy a product that has a lower price , but when international companies that have already the certification begin to send its market , people will prefer to consume theirs because the difference between prices is probably not going to affect them too much .
They have a big chance to prepare for their future life .
One person if they do n't have good health that means so many things they could lose .
Many studies over the last 5 - 0 years have shown that people who have fluoride in their drinking water considerably have less cavities than people who have not drinking nonfluoridated water .
Likewise , the theory generating from the concept of memory is also not the appropriate way due to limited memory .
Because they spent time unmeaningful subjects .
I was very fast , my best time was 5 seconds in 4 0 0 hundred meters is a good time in our country .
And young people spend more time their lifestyle .
If in this society who will not do study they never concept their opportunity or ca n't understand any ideas so most of the important is that in this situation and I also very interesting and also prefer that for the study material .
We have to know this problem it 's serious but almost people do n't know about this .
Students can focus on only a few subjects they are interested in and they will become experts in those areas .
But in other ways the country needs to pay extra money to make , repair the roads What they did is reduce the amount of gas consumers , high the gas tax , and low the income tax because they thought , only rise the gas tax is unfair .
Today , MBA students with a background in engineering are in high demand .
In the case of young people the best way is studying as hard as possible to get better grades so in the future they will have a better chance to find better jobs .
So the school try learning the students a bit in every science exist .
I think they have to get skill on it .
Specializing in one particular subject does not suit our life in this era , which is characterized by diversity and innovation .
I will explain my points of view in the following paragraphs .
He thinks differently from other people and he succeeded .
These activities make the community a better place to live in and inculcate these values in all the members .
Because all those broad knowledge help them to understand their major in university as well as help them to make a correct choice in specializing study .
And it was very easy to me to understand why he always brings bad marks at home .
Then when we went to the Science Olympiad , she could have diverse knowledge about the subjects and it was not new for her to think about new things .
If every person thinks to learn and understand lots of scientific subjects , any person will do not do it and as a result of this any science is n't improved .
Thus , in concordance with the above , I agree whole heartedly that in twenty years there will be fewer cars in use than there are today .
Third they put it in the front of the door of store to make the people see it even if it is not good
However , are these things all good to people ?
Very soon they will run out at the current rate of utilisation .
In the lecture , however , professors oppose the reading statement .
But YOU have to create these opportunities .
Throughout our lives we need to talk about our families .
They try new things .
In order to do this , they would need to learn additional skills , either theoretical or practical , that would increase their understanding and future application of their chosen subject .
If you want a product you can create a beautiful image around it if you want to sell it .
Secondly , the place of the film must be very clear and hair must be relaxed etc .
And will put your mind on a non - stop learning ...
This will be the proof of speeding offense so that police can easily catch them .
In today 's Compuer , skill is the first important life skill .
He last chose to learn truth .
I never have stopped myself to think this , but this is a real possibility for the future .
Young has his own field and works on it hard , and does more benefits to the society .
And about the new information there are editors .
If we consider an idea as a totally autonomous concept within the individual process of defining reality , I will state that ideas are useless , not being based on experience .
He wants to know everything about the universe , wants to know everything about the God , the death etc. these are some concepts that everyone can encourage a lot of ideas but the facts are not found yet .
It is so expensive that only those people can do this besides of their everyday living .
They make very high profits year after year and the numbers also increase year after year .
For this reason , the number of cars would decrease in the future .
So he took upon himself to narrow his research on this subject , which was a mystery to the world .
Others who do n't have this concept say they will sell uncerfied wood .
I did n't have self - confidence .
If there are specialized doctors , the doctor has done the operation very often before , so he is really talented in his job .
So it will be a good situation .
Also , I have traveled in a group without a tour guide .
The school teachers are the ones who take the future of your generation so we have to give them to get the better knowledge .
So this test is very important with theirs .
But most time it is important because most students are not baly and his thinking and ideas are very important .
Otherwise , it will be a problem for us to understand certain things in life .
I myself like to participate in some kind of activities and meet many people who would like to do .
Second , the number of treasure locations is implausibly large .
He mainly concentrates on the questions asked him at the time of interview .
Because when we learn about some subjects we should have more information about what we study so that the student will get the information more easier and more better and this is my first reason .
In a market economy , the price must reflect costs of the product and consumer 's willingness to buy the product .
Some tour guides who will want to set maximum security make tour difficult because you will only have a wonderful view through the bus .
Because the fashion culture has been changed .
Actually that was an unstable trip .
It is obvious that after returning I was tired and the night is meant to sleep .
Nowadays , we need a person who is capable of all sorts of works .
Finally , fish farming relates to long term wastefulness which can pollute the sea .
Establishing connections with other researchers will open the door for new projects with other researchers .
Now I have outstanding scores .
He knows that there is no return in his help to others .
Furthermore , my friends , who are nineteen years old , drive their own car , and they would like to always buy another one .
As the cities were smaller , it was less violence , noise , traffic ...
There can not be no bothering and no hassle .
Even though he knows the advertisement is unreal or looks too pretty , he is going to buy the product .
There are several opposing points I observed between lecture and passage .
Even though she does not have a job , she also needs a car to use to pick up her kids or go shopping .
In early industry , a lot of workers worked together .
It kept Anasazi from living in the American Southwest by very high temperature ; it caused droughts .
I have several reasons to support my choice .
Because one time you get success and next time will why not ?
While at university , he might specialize in a subject , while still taking a number of diverse other courses .
Now we have all the information around us .
Both of these men have dealt with situations in an unconventional manner and the results are with everyone to see .
This shall take effect in exams .
Moreover , taking risks teaches you to accept both winning and losing , which is the most important lesson one should learn in order to achieve any kind of objective .
I would like to initiate , myself , whatever I do on my trip to get much out of my trip .
However , one student pointed out my mistakes .
It 's normal : propose something to the client and construct something different , which is the best way , and it 's legal .
this is how we are transforming our society at the present days The actual fact of being against this statement is that we are looking at what we want at the moment in order to have a great time .
Not only is this , without a clear understanding of what is being taught , the student would not be able to perform well in the tests .
For example : a man whose hobbies are playing football , he must want to play the ball day until night and night until day again .
At least I do in my consulting job .
Although the few lucky ones struck gold , most of the people simply vanished as they left their homes , only to be forgotten , and some of them even developed obsessions with the western mirage .
And like the citizens of the developed countries , these people want to possess cars themselves .
We grip on many subjects and we get ample exposure greatly and easily .
But on the other hand there are also people that are often convinced by the interesting advertisements they see everywhere , because of this many times they have to face problems with the product that they bought and many times there is no way to give back that product .
They take responsibility for the future of their society and the results , it can be the most helpful thing for society .
So the conclusion is clear .
And you can change your views and ideas but you can not change your fact .
An old person has to give way to a younger one no matter whether he likes it or not .
Ever increasing competancy rates force them into frequent business model changes for a compatible traditional flexibility .
However , this reading passage casts doubt on the speaker 's mention .
However , all of them are limited .
That is what it gives us a lot of opportunity to think .
The placebo effect is not illusion but the real , so the drug was affected by the placebo effect .
When I go to travel to see something I want , we do not know about when it is open or close , even though I study before , it might be suddenly close .
Its cost is half that other , but lifecycle is the same .
What we do now , we will be able to do later .
According to me , there are two kinds of studies : the ones highly technical and the others .
Thus , we begin to share information and ask one 's weaker subject .
For example , in a 2 0 0 6 world cup from Germany , as many conch wanna term work .
Many scientists obtained clear results of investigations after the facts were on the table before they could even begin to theorise about them .
This will give rise to a holistic understanding .
They want to make people understand that the product is the best and really you can trust in it .
There can be many other theories about migrating reasons and about the methods of migrating .
Thus , the environmental issue will push more people to consider another way to commute instead of driving a car .
On the other hand , he or she can continue doing what they do well and hope to be noticed .
Video is convenient , but , if teachers are concerned about students , so using textbooks gives good ability for students .
They tend to restrict traffic in certain days , hours , increasing parking fees , etc .
For instance , we can consider that evolution exists .
So depending on the study it would be better one way or the other one the thing is to choose the right one .
I am really sorry to continue like this but right now I am taking the test in a room with 5 more people other than me and we all are taking the test with the computer .
In my opinion it is dependent on a particular person .
Many people were killed by car .
Global warming and green house effects have started recently .
Examples : If the good skill people do some things wrong ways and they got good respond like thief , robber , stolen , criminal and make problems to other people .
For example when we talk about speed they must understand why it is dangerous is better than if they have axcedant after that they learn .
Therefore people will be able to live with the automobile society and the nature for the future .
Then , how about if the talkative explains the project erroneously ?
One car should be used by three people , so it is hoped it will lessen the number of cars during the busy hour .
And they can make a product and sell it cheaper than most countries .
Marco Polo used Persian language , not Chinese or Mongolian .
This is because of their knowledge on many subjects .
The industry of the fish affects these animals because , these companies used the fish in the elaboration of different foods like oil .
Therefore I brought a car immediately .
Although the weather related factors could be considered , such as the land shape of the area .
One of the reasons that the fish is important is that the fish can be an important bay for livestock and poultry .
Once the policy is mentioned in the reading passage .
Such unwritten law is very furious , but our world is furious .
Also , the youth have less mental pressure .
Think about creating a fire break .
Finally , the third cause that birds use a type of internal compass is that birds have crystals of the mineral magnetite embedded in their break .
If the teacher teaches them that they will go to study about that .
Just searching the internet , and we will find out what we want , no matter how books will stimulate our imagination and how high quality the book is .
In one case , for example , the copper scroll notes merely that treasure is hidden in the vicinity of a certain river .
In this case , students learn a concept and it is possible to use it in other fields .
This is the cheapest way for people to have a trip .
The lecture says it is more important to provide enough fishes to people .
Furthermore , a tour guide will also provide safety and security for the travel , since they already know the do 's and don'ts in the tour .
On the other hand , each academic field needs specialists in order to progress .
This caused her situation to be worse .
For example , one man is a football club fan .
By using new things , which is usually not known for them and it includes risk with it .
You can see that in many books , news , newspaper , TV , computer .
When many people were very young , they must have many time to learn knowledge , They do not have much time to enjoy life as much as possible .
This argument is not only true now , it is since ages , i want to talk on a live example of Sir .
The last one is they have to study about disease which means that they will be safe .
The consumers also know how advertisements are .
-Learn ? ? ? ? ?
There are very successful politicians that never tried something new .
You can become smarter than the other people .
In my opinion , this statement is groundless and the youngsters today contribute to their communities to a great extent .
And now because of this man I am writing my essay by computer .
Therefore , we have to reduce sulfur and nitrogen dioxide .
Most of the things I hear are not true .
I think it is very hard to distribute the point and to make every one to understand , because when few people started to do so , they would think it is not fair at all , they are the few who are suffering , other people can not get it and continue doing the same thing , it just makes those people think stupid .
Maybe at the beginning , but time after time other animals in the environment will choose them as their new food .
The older man would prefer to enjoy all the time he has , remembering that we live only once .
The scraping will cause heat and that heat ( energy ) will go into the car .
You will face huge difficulties in life if you do n't know at least something from every subject .
Younger generations are more adaptable , thus they can adapt to changing technology .
That is why I 'm here , to be ready for my education , that is , to be specialized in one specific subject that I would like to learn in every detail .
Furthermore , the professor denies the reading passage which states that treasure does not exist and it is just fiction .
I chose law and began to study everything about Italian law .
But ideas of how you can solve this problem will actually give you a solution to the problem .
After all , personally , until now , I try to go on a diet and manage my health condition more carefully .
As well as the knowledge also plays an important role in the life , which can be acquired by understanding the concepts rather than learning the things .
Most people do n't care about the environment or how consuming cars affect the ozone layer greatly .
In addition , it has a negative influence on agriculture .
Also , they have more responsibilities than young people .
The professor said , " This can be changed to the different environments .
This casts doubt on the reading passage 's assertion that fluoride prevents dental cavities .
I , on the other hand , have no major responsibility other than studying .
The good student must know how to understand and work hard to get the idea .
And the critics use few arguments .
Secondly , the information in videos is very delivered in format , it is very familiar with students .
It was a reasonable price .
Of course , local businesses that depended on park visitors suffered as a result .
The heart disease patients show improvement when they are taking placebo .
Besides , young people usually like new - fashion things , like ipod or mp 3 , I can see that main part of young people ca n't live happily without music in their ear and movies at home .
They are going to do it and do it for better .
However , people do n't know there and they do n't know how to do it better or what they ca n't do .
Producing vehicles that are more fuel efficient will damage roads and that will cost a lot to repair .
So measures should be taken to check the fish 's population .
Some said this product is recommended for the most important doctor or something like that .
This creates people to peer pressure .
And there are a lot of scientists who just specialize in one specific subject , discover important concepts or invent things which make our society more convenient .
For example , last month , i bought a product for skin , actually i bought the product because the advertising got my attention .
Newer vehicles are something that could fly the sky , then we need n't annoy about traffic jams .
This offers you a lot more possibilities and you can stay at places you like and avoid the ones you do n't like .
But when we are in possession of these products are we really living a dream ?
The sulfur dioxide is generated by several natural processes and several human processes .
Sulfur dioxide is released into the air with other pollutants .
One without the other is nothing .
Menhadens are the primary source of protein for livestock and poultry .
I understand people who think that funny movies are more interesting than the others , especially when you watch a movie with friends , because it allows you to have fun with them .
In fact , old buildings are costly to maintain .
While the child spends about five hours or less with his parents , and whenever that child wants to go out he will most probably go out with his friends which are his classmates , so most of his school life will be spent with his classmates , and this will have a great effect on his personality which will determine the way the child will react towards his school and will determine how he will use his life .
They have a broader spectrum of ideas that they can develop into competences throughout their student life .
Someone likes music and someone like science , and some one is talented in ballet while someone is not .
I believe that the number of cars may decrease in twenty years ' time for some reasons .
This could help them to develop their thinking power , managing power , and good strategy making power to achieve their goals .
A perfect example of Real Politik was when Bismarck manipulated a letter written by the king and sent it to the French emperor Napoleon III .
In this case a tour guide can be helpful to complete the trip in very less time as compared to what one might end up spending if one decides to explore the place himself .
What I wanted to say is , that enjoying life can not be put into a definition to test out if somebody is enjoying his or her life because it matches this definition .
But the owner that possesses one car dealer shop offers him another job , with better conditions and benefits .
It is very obvious that more cars will be sold there .
Also , the food chain becomes stronger than it was before , such as rabbits and deer .
For the older , the phone , the only function , in some means , is a job , a project , a computer which master calls on him with the related to the jobs .
According to me , in order to start the carrier through the success it 's important to have a solid base , that means knowledge and experience .
Therefore , I support the statement that it is more important to understand ideas and concepts than it is to learn facts .
Yes that 's right but there are some young people who think about the idealism of this country about their communities in Indonesia about their friends who ca n't eat , who ca n't go to school .
The time to take a risk can be compensated with consulting others who are more professional than me in sorting out the issues or solving the risky problems .
However , after prescribed burning , the forests can grow up plentiful , and farmers can get work more than before .
Maybe be doing what they already know how to do well is better than to be annoyed with something sounds new .
But in general , lies do not last very long .
Technology has grown so fast because everyone tries to work on an invention due to some ideas he has developed and concepts that have been applied to this idea from different subject areas .
Hence , from the very beginning , children form this hesitancy from interaction with other people which time only solidifies .
He actually changed the way he played in the latter part of his career when he won all those championships .
We will continue to invent and produce more sophisticated technology based on our own comfort , which will decrease our ability to perform physical activities .
Facts are learned by experiences .
In my opinion , if they start one subject , never give up .
This contradicts the reading passage 's that it has bad influences on economics .
The purpose of travel is owning a lot of your time to release your mind , is n't it ?
The bass is not only a predator for menhaden , so if people catch more basses , the population of another fishes also will grow up .
They are today using this way as a curative measure , but with increasing importance of preventive medicine , normal , healthy individuals are also attracted towards not using cars wherever possible .
This shows that people are aware of the disadvantages of getting old , among them getting less pleasure from life , and try to delay or disguise it in any possible way .
In fact we will need a lot of places where parking all these cars , so we need a lot of projects for this increase of cars .
Government uses that money in public use and safety .
Second , Sphinx is known as the Old Kingdom king .
Or , " Is this the right thing to do ? "
I stated to have been interested in math , I spent a lot of time to solve math problems and I got good score at exam , it makes me have more passion about math .
Even after school , he has to participate in games and other extra curricular activities that are compulsory to attend .
He has a lot of money and name but no family life .
Even though the place I went was Kyoto which is the most beautiful city in Japan and they have most valuable and interesting temples , nothing really remains in my mind after the trip because I was just part of the group and following a tour guide without thinking .
Board knowledge on many subjects is not possible to acquire .
I also think that the AD is a method to feel happy with the people , because you can dream ...
It is more exciting and memorable .
The first clue is that there are rocks near the coast which are considered to be made by Chinese explorers .
However , his trying still brings him to success .
Since I was in a group , I should respect the group rule .
One good way to be always safe and have a good time is to travel with a group and choose a good tour guide .
I think that there are not anything I want , what a tired city , why my father and mother want to visit this city ?
The lecturer against the author 's insistments following reasons .
In addition , once he told me that he will never take risks of doing other works because he 's been working for it for 1 to 2 years and he is already a fluent English speaker .
For example , the most famous Thomas Edison was asked a question when he applied for a loan to a bank one more time for his experiments which were failing .
They behave as though they were just spontaneously praising a product during normal conversation .
To my surprise nothing happened .
For example , they do not like to wait much .
But like the lecturer suggest we could subsidize the poor and this policy helps to put the right prices to our natural resource and environment .
There are cars that use gas to power them .
They can bring that problem to improve for many companies that will produce a new product .
Education is the basis of opportunities and the amount of subjects in which a person has knowledge conditions his or her opportunities in very important aspects of life like work and even helping others .
It usually makes them to be more positive to do it .
In both advertisements it is said that these tooth pastes will make your teeth brighter and brighter .
We must trust ourselves .
That seems why people live for .
Insufficient closet space , inefficient heating and decaying plumbing make life harder to live in old houses .
The advertisement says that the car has space for 1 0 people when the truth is that the car is just 4 people space , another example is an advertisement of a skin soap , they said that this soap is the best because they say your skin will be as soft as a fifteen years old princess , or that your skin will be as soft as Jennifer Lopez 's skin .
That means people who have something that is specializing in one subject could get more chance of hiring .
And Chimps can also remember what researchers said and almost perfectly reply what researchers said .
He will consider himself losing the years that he spent on collecting the money .
In addition , the technology on which these mass transport systems function is based primarily on non - conventional sources of energy .
First of all , old houses are not necessarily suited to the needs of modern residents .
Of course he has the risk of failing , but imagine the fantastic sensation of victory if his second bakery is as much as successful as the first one .
There are many people that do n't think before they take a choice .
Third , although the reading passage claims dinosaurs because their bone structure is similar to endothermy , scientists assume that it is not the case .
Ten years ago , a family that consists of five members owns at least two cars and satisfies the transportation .
For example , we can see on the discovery channel in wild life many people are hobbies to learn from the animals .
Actual market requires more specific knowledge than broad knowledge .
Only by breaking out of your normal life can you discover new perspectives in your job and your private area .
I said yes .
When you are successful you will have a reason for life .
And the most important is travel without the tour guide .
Fish firming uses lots of special products such as fish meal .
Lawyers are young people .
Extending the same example as stated above i can tell you during the most worst period of Amitabh Bacchan he was offered to enter into politics to take advantage of his publicity that he had got and he will be paid for it heavily so he was very much in need of financial support Mr. Bacchan had rejected this offer only because he knew that how politicians play with the emotions of common people .
And when we want to get those energy , we need to transport the ground and soil or oceans , because those energy were found in those places .
New plants could not grow after the fires .
Realist people can be more successful as we can see in history .
They are not stopped at the same time .
It means , to understand war development , you should understand the ideas and cultural movements that resulted in a particular period , and helped for the occuring of that war , for example .
In the commercials , they are all good .
Alternative Reading passage emphasizes an alternative to priscibing burning by giving some turm like " disking " in this fire to clear out dry and dead shrubs and stimulate the growth of new plant life .
This saved valuable time , so one can invest in more important activity .
But , even if this student passes the course , he or she will not be a successful lawyer in the future about contracts .
In other words , the verity of these towns would give some changes that might be used to encourage people who are interested in old things .
However , there were n't any particles .
This shows that few animals could sustain and active in this harsh and cold environment .
The way I see it is that , the only thing that guides do is limit you , and even more when you 're in a group .
The facts were n't as important as the context .
These ideas and concepts usually contain academic research which is totally reliable and dependent on the facts .
From this professor agreed some ideas and did agree some ideas .
But , I went to Juju island more than three times .
I would have a variety of answers subjective to every person 's field of interest .
The second one is to specialize in one specific subject , one has his own taste in studying , so let us talk about this subject .
I think that the car , twenty years from now , will use electric fuel , not gasoline .
After this effort , many companies in the world started actions to get this certification .
Is it right ?
Any user who has used any toothpaste definitely knows that this can never be true .
After the construction in 1 9 0 8 of the first commercial car , the ford T , mankind has been subdued to the use of the car .
Everybody loves him and he does the same .
Successful people had gone through lots of hardship .
Younger people are still trying to obtain experience , although older people have it already .
Hence , ideas and concepts are more reliable than the facts .
This has to do with the signs of our nature that we encounter nowadays .
For example , drivers might memorize where the speed camera is located .
Take toys for example , advertisements that target children in particular are the best example of the way advertisements create a false image of the product .
The cars were our answer to the need for transportation sixty years ago , and they will continue to be twenty more years from now .
They need the cars for many things such as transportation , inter transport and buses .
Because of the requirement of men going to army , men have to sacrifice their precious time of youth .
If scientists will do something different like if they can modify the form of carbohydrate like gelatinized and nongelatinized carbohydrate , then incorporated in fish feed , then fish may be utilized more than previous then if fish utilize more then chances of growth will be more than it may be appreciated by everyone .
While turned out results from both experiences are the same , the method and the time that brings a result is not the same .
Because you do not need to be a hero in order to try new things , you just need to want it and know that any result will be a success in things that you want or in learning .
They have to consider the negative side of their suggestion .
In such a situation there is no other way .
In each family , all the components have a car .
I held the map and tried to find all the famous points that had marked on it .
Even the magnitides on Mars are no evidence of life on Mars .
For example , when I traveled France and Italy alone , I met a person in Nice who was a famous producer of the song in Taiwan .
Finding oil and petrol and digging for it is a very expensive procedure .
I hope those things I learned will help me in the future .
For these reasons , the passage said that it is time for the state to take measures to reduce the quantity of sulfur dioxide .
I think there must be many subjects better than one subject .
Also the animal population got better and they recovered really well after the fire .
It provides much wood to the industries .
SOME LUCE POINTS INWALL .
The gas from cars will destroy the environment of the earth and it will heat the earth up .
In writing we are nearly unable to show the feelings of people , but in the action on TV we can understand well that book .
These kinds of fish ca n't live so long in water that contain salt .
Every body knows that the truth today is a competition market in each and every field we are facing competition , for example if you are choosing your career in software field than you have to master on that subject , then you can easily get a job .
Because you share only a single interest , this makes you a loner .
In addition , students want to learn the language and they want to use it , so when they understand the concepts and the ideas it will help them to learn the language .
In deed , they can be reduced .
Unfortunately , we are individuals and living isolated in the society .
But if they need money for these purposes they can do extra hard work .
Learn
However , after I learned all sides happening in a company such as marketing , accounting , leadership , financial accounting , and business communication etc .
An example that confirms or supports my point is clear in the Chinese cars .
Furthermore , it is way better to live on knowledge than on guess and common facts that anyone could learn through the media .
It is the main resource for the cars to be working .
From my personal experience , when I was very busy to find the information , the Internet was a very useful and fast tool .
But then as it has been rightly said by someone , " We are the victims of our own greedy needs . "
This is very useful for them .
But by then we have already bought the product and end up losing the money .
And we say that these countries will be the next developed countries .
My 1 0th exam and 1 2th exam are very good .
If they do things they go for another until they know how it works and what is useful think of it .
I am sure that most of the kids knew that this was not the way their parents taught them , because they do not know why it was wrong or why should they do the ways their parents told .
We can see young people working over countries or working for others with tools like telephones or internet even if they look they spend their time just for themselves by being a whole day in their room .
Also , most people prefer to entertain athletics rather than other arts .
There fore , he likes to do arisky and strange things and he enjoys it .
But after a few days , I found myself enjoying it .
However , what if they just work for the field which they already know how to do well , they might feel sad and tired ?
I believe to have broad knowledge to specialize in one specific subject outweigh than to have broad knowledge of many academic subjects .
In my opinion if someone thinks one is more important than the other , why not to focus on one ?
And people feel more awkward when it comes to their ears that this is something going on as a current event .
He would never want his business or company to be stagnant .
However , I would prefer traveling by myself with the good preparation filled with joy .
The carebendiocside is very warm and full for the people .
And i had listen " success attract success and money attract money "
Also , they can go for shopping and buying new fashionable clothes .
It 's really a good film .
After that , I studied in more depth to the topics and understood the ideas and concept of the topic .
When the forest is caught on fire , the wood turns into ashes , which is potassium .
In my opinion , cars will be in full use in the next twenty years .
In fact , the matter is that a lot of academic subjects can not be used separately .
According to the lecture , management should plan carefully when hiring well - trained people or teach them how to manage the fire in a better way before fire .
And it is important to have emotions in classes like history or social studies .
In the old age , the people have left all the burdens and they are spending their own interested work .
Every time when we meet , I will look forward to the new things .
Although some people say that the treasures are already found .
As far as I am concerned I agree with this statement , however some people do not agree with my opinion .
Carusage in the United States is very important in every day life , as well as in many Latin American countries , and third world countries .
However , companies tend to cut their profits for workers .
Many people are willing to buy these cars .
The one is the Copper Scroll .
Another solution could be the developing of more fuel efficient cars , which could also be good for America 's car manufacturers who will produce more attractive cars to sell to other countries .
Consequently , I agree the statement with regard to three reasons : affecting of view , face to face with people and the first time .
First of all , the population of the world is going down .
My wife and I always go to Tokyo around December .
Thereby the problem of running out of fuels is out of the question , thereby augmenting my view that the number of cars will continue to rise and not decline .
The first effect is global warming .
So , Ho Chi Minh city will develop .
People like to drive different types of models and they want some things extra in it .
These useful skills that I learned from reality are going to be the greatest gift for my future career , and they can not be found in the text books anyway .
That 's why i will not work hard as i am alone .
High cost produces high quality medicine .
This is an important thing .
Books some times have an old information so it will be wrong .
Against those problems , people started to use cheaper transportation instead of cars .
However , I agree that having knowledge is being useful whenever we need necessary information .
But when teachers asked me did I understand it , I said yes .
So i disagree with the statement and i think it is much better to specialize in one specific subject than to have a broad knowledge of many academic subjects .
Raising tax for the gas can be the most effective and possible way to decrease the use of gas for three reasons .
Next , kids are more attractive to the advertisements .
Successful People are explaining any other matter and discuss any other problem .
But it is dangerous , because some drivers make trouble with other drivers and when some drivers crash their car the streets are busy .
Because it is already a fixed data so nobody can create problems with this type of literature .
Also , the professor indicates prescribed fire should be careful when we use prescribed fire solution .
If they can not pay the high prices any more , people have to change into a bus or a train .
This will reduce the pollution caused by the carbon dioxide from the cars .
Moreover , they have to learn about advance course material .
The age , in my view , sometimes is a barrier to do something in life .
In simple words , they say they lost their appeal .
For example , nursing students study in a nursing college for three to four years .
I believe , that the product 's quality mentioned in the shops is exactly the same as given in the ads .
Then , define your goals and work hard to achieve them .
Critics of this policy focus on three points : first , Yellowstone fires scorched a large area of land and therefore a lot of plant species were lost .
In my past experiences , there are some lectures which are completely based on facts , and the chance for me to apply them is just rare .
When you understand the idea is one way that you can figure out about the statement that you see in these moments .
However , a lot of reasons explain about what the placebo effect does .
In today 's world there is a high and almost unreplenishable thirst for change .
The kids can stay outside every day and play .
Firstly , I think that communities equal human relationship .
It may also spoil the health .
Water is needed for life .
In the same way other people see many times on TV rich people are interested in politics , sports new technologies and also in space .
As a result , studies in Britain have shown that fluoride increases the activity can lead to more bone density and therefore fewer bone fractures among the elderly .
Also , sometimes , people may meet some new friends in the traveling group .
If students just learn facts , they will forget them soon , but this will not happen so easily if they understand properly the concepts that are behind the facts .
As on when I started completing my home work on time , I gradually improved .
Because if I study in this way of course , I will get so much , I also will have a lot of information about the book I study .
When you understand the concepts and ideas is up to you to prove them , to see if they are really what you have been told , i think this is the main reason why students prefer facts rather than just understanding ideas and concepts .
For example , if you are attempting to study arts and sciences and to get qualifications in both , you are extraordinary creation .
Therefore , as long as it is a country where I can understand their language , I will travel alone .
Government will try to do something to not pollute the air .
So in this field it is very important to understand all concepts and ideas which they gave us and use to solve problems .
Because they sent out 2 - 0 % of the whole carbon emission .
Try to combine the process of My opinion is so easy to understand one thing ( process , as i mean ) than to remember many divided facts or dates .
It is also taking risks rather than only doing .
No scientist would have ever come up with their wonderful inventions , and the world would have never progressed .
There will be a technological development in the future , but that will only promote the use of public transportation systems , but not cars .
Not being with a guide gives you the liberty to visit the places you want to visit at your own pace and with the liberty to deliberate to any place you want to go .
Usually in the advertisements a presentable face is used , they try to present some modals , nice babies , known as sports men , only to let the product look better than it was .
Not that bungee jumping is something that every young person wants to do , but even if he wanted to do it he probably would n't be able to .
Close - up video clips of a juicy hamburger flying around the screen , surely satisfying the models eating it , could easily create in the viewers a false sense of being hungry and urge them to hop into their car and drive to a fast food restaurant nearby to get what they have seen .
So only time will tell what actually happens .
As we all know when we were out , something we ca n't expect would happen , such as disease , accident or something else .
And then , makers of cars need to develop the systems for safety almost completely .
Third , the professor agrees that the gas prices in the United States are cheap , and they should raise them to save the environment and people 's health .
Nowadays , there are many people who think they are the most important thing and they only have to work for themselves .
In general , there are many people in a book .
But they do things in a different manner than others which gives them success .
People feel more secure and comfortable to travel with their own car rather than changing several public transportation vehicles and reach their destination far later than they would desire .
The second critic of this method is that the costumer loses all critical reflexes and that he is not on guard .
As a result , it will be easier for you to learn many things .
In short , these were critical parts that contradicted the reading materials .
I think it 's harder for successful person to risk something , they could lose much more than others .
We can have a glance on what is happening in the world through accessing the internet in mobile also .
So the importance of communities in society decreased .
But they found that successful people use the money and use their idea for a way to success .
In my case , when I did a job interview , the employer asked me questions about commerce like society , policy , art , and so on .
At some time they have to face the failure and a lot of struggles .
Because it transmits the heat from Eastern Europe to different places in the world .
Considering a family going shopping in the weekend .
Another reason is that many people see some of exotic cars as luxury encorragies the industries .
Now the market is occupied by lots of cars with varying comforts .
It is also undeniable that if a man has diversified knowledge , it would be immediate use .
In my opinion , I think advertisements make products seem much better than they really are .
So , some people use cars only by moving somewhere .
They have to think twice before performing even routine activities of life .
Most of the actors , soldiers , workers and students are young people .
To respond adequately to the world we live in , we need to understand it first .
In fact , even today most of these systems run on electricity which can be harnessed by several non polluting ways .
Comparing with older people , they do n't even have enough time to enjoy their life .
Also it 's been on all the sections because we use the head phones it makes a lot of noise and it is seriously very hard to stay on task .
They are clean and big and so on .
And rolling stones gather no mass , says proverb .
It is difficult only to watch education .
And there is a lot of critics concerned that the required testing is so long that it declined the value for patients .
I have a reason to study English .
Buses should be reserved for spots where there is no possibility to set up tramway routes .
I think that it is not always fair because not all the students work in the same way and with the same responsibility .
Of course , things are new and very risky .
For example , little children are told that they do not cross the street at red light , because it is so dangerous that we can not let kids learn from crash .
In my opinion students need to have a knowledge .
So because more people are able to buy cars , the demand for cars will increase and so the production of cars will also increase and in the end this means that the number of cars will increase from now to twenty years time .
First , they have spent many time on the computer , so they do n't know how to communicate .
I would also like to say that understanding concepts and ideas is a much more important way of studying for students .
I ordered them and was promised that they would be delivered to my house in a few days .
We know that prescribed burning should be repeated every few years but it 's very expensive to spend every few years .
The second difference between the encylopedia is that there are a lot of viruses and hackers in the internet and one of the hackers can easily change the information about any kind of topic .
If you want to win a case in court in - for example , a case where technical questions are to be considered - it is not enough to just know about the law .
Second , if there is any problem with the goods .
Some people might say " Hey how does energy come ? "
The successful people try to do new things like any machine can help the people .
However , the problem is how long will it take us to find out that we are actually controlled by the advertisements and the perfect image they gave us ?
Consumers are not likely to buy a pair of trousers when the claim is that they will increase capacity to fly .
Hence , German students will have to work harder , think much more , and thus become even more skilled .
One reason is that endangered animals are breaking nature .
So I think having self confidence is more important than having knowledge .
A younger person , however , will need time to define his or her wants in life .
The work should be good , and not just a bundle of meaningless .
Always natural disasters bring economic damage .
It 's rightly said , life is not about adding years to life but life to years .
First , advertisement makes me to buy some thing unplanly .
There are two major reasons : it is profit to socialization and mental health .
For these reasons , I have to take a high score on TOEFL .
This number is increasing and will continue to increase as generations of educated people pass on their wisdom to their children .
In my opinion , the need for community service and volunteerism arises in the absence of adequate resources or when somebody is not fulfilling their responsibilities .
When i consumed that drink , then i came to know that we should not believe the advertisements .
But it is very different from that one in the passage .
They just create impressions such well that people are trying to buy it .
Since I liked enough areas inside , I bought the car a few days later .
Exactly like master of none and Jack of all .
The economy would benefit because this would enable it to have a worldwide compete with the car manufacturers .
He and I are good pals but we do n't want to get a lower score than each other .
It is composed of not only senior but also university students .
One of them is the long - term wastefulness of the process .
And if the knowledge is in all the area 's then it gives you an added advantage to your knowledge level .
That is because If I became a member , I could be highly estimate from my friends .
So the governments and the scientists are also promoting the less use of private cars as they are one of the greatest contributors to air pollution .
People use the public water to drink water .
That will never cause the economic problem .
Because this is not very easy to use .
But in my opinion , if you want to be a successful people , you should have been brave to try new things and take risks .
On the other hand , scientists agree that the predators are beneficial to control the population of the menhaden .
Do we consider her as a smart girl ?
For example , in a chemistry class when you talk about oxygen is needed for a burning process you can give a fact to support your idea which is you can put out a fire with a blanket by cutting the oxygen .
Every beginning has its end .
Who we mach them together ?
They explain the specific points using the examples about dinosaurs 's behavior and physical face .
The lecture mentions about Mongol court records of the time .
It is harmful for many other animals as well as it pollutes the water sources .
First , the teacher is to make a right way to give to us , so every teacher is to make a confidence to students .
We do n't usually study these subjects very deeply .
You often find people investing money in inventions only to sustain their own business .
For instance , many people use airplane , ship , and train .
As a former Law Teacher at the University of Belgrano , I have experienced the problems students faced when taking their oral law examinations .
For the first reason , students are very critical and always have many ideas to develop their opinion .
They may go to the house where the elderly person lives , and help to eat food and walk .
There are a lot of big streets in my town .
The young pass the disease to a couple of people where the young are still enjoying life .
It would be a really wasteful idea .
For example , they can read again if they want , and back to the page that they can not understand or they are impressed .
Tour guides are generally trained and certified by some supervising entities , therefore they are expected to be ready to provide the best possible guide to their customers .
However , I still believe that learning facts are important for students .
While you will be helping each other to work together after graduation from university .
He usually brings a book , and asks something to some one , he wants to understand the book .
Operation room is not a bookmaker office or lottery house .
This means the more languages you know , the better you can come along in other countries .
Recently scientists have been working on a new generation lie detector that can perform brain - scanning to find out if a person is telling the truth .
By keeping his focus on one industry and one subject , he ensures that he is up - to - date and fully aware of all the current happenings in the industry or subject .
They had success and they had the power .
It will always be plus things for them .
There is going to be a huge market if the product is totally brand new , which is equal to a large chance to make more and lots of money .
Before wasent like that , we was all that time under the voluntad of the man , and depending on economy from him .
When you are a teenager , you start experiencing some sexual changes , which in contrast changes your way of thinking , thinking more about the other gender than thinking about toys , would enjoy going out with some friends , than staying home playing with your toys .
This will help them to get good marks .
By avoiding this it will lead to a much purer and natural world for our future generations to live in .
In extreme cases , some even gain weight because of this .
Firstly , some important events happening in the other countries or areas may happen in the place you live someday in the future .
I feel that with the environmentally friendly benefits and with the attachment that society already has on cars will make people keep riding cars .
I do not want to go to Effel Tower in Paris or The Statue of Liberty in New York when I travel because they are too famous , so I already heard and saw about them .
Others would like to spend more time shopping than going around the places .
I feel this will give jobs to people also because all car companies would have to adjust with this change , from gas to water fuel use .
As a student who learns many subjects at the same time , I found it very beneficial .
So it is complex , looking after many new employees every year can be difficult .
In this case the advertisement totally makes an impact on that baby .
Maybe they had enjoyed life in young times too .
Lastly , business owners thought factories would help reduce their overall business expenses by reducing their transportation costs .
When I talk about research I mean ask people that had the product like friends , family or go to forums on the Internet .
As it is important to see your work in the context of the whole car , he now still benefits from his broadly chosen majors in college .
Successful people have to do things stablely and do what they already know how to do well .
The students must have improved to get the correct view of the grade .
There are more populations in every area .
First , the population of the world is increasing exponentially .
This person guides you through paradise and takes you to wonderful places .
Really successful people gained their fortune by doing something new , something that no one else has ever done before , that means that nobody knew how to do it well that was their risk .
And you stand nowhere in any subject .
This way , anybody can reach success in his life and career .
There will be a lot of members who have gone to the surface of the moon and they will be land safely to the earth .
Now let 's take the example of a millionaire who has not managed to let go of his childish ways .
Without facts , there will be no ideas or concepts developed .
For example , when I was a freshman at Meiji University in Japan , my classmates and I traveled for China .
Some people dislike traveling in groups , having to follow strict time schedules , and following rules .
In this case , older people can drink and can go to a lot of places such as night club , bar and so on .
A specialist in any field will have better job opportunities , of course he will not have as many opportunities but whatever it will be , will be far better .
Second , many of the car 's disadvantages will decrease or decrease in the coming years , which will rather make it more popular than at the current time .
The same will happen to taxation on cars and gasoline .
Now - a - day drinking of soda became a addiction to most of the people .
Thus , a series of people got together and asked guided to change the schedule and guide could not help accepting their opinions .
Hence , these advertisements may convince people that the brand being advertised is actually the best quality product , when in fact it is not .
This economic system is the best .
He pointed out that climate plays a role in the erosion of materials .
If they are a family who likes to go places , they would prefer a car against other vehicles .
If we have a job we like , we will love to do the job no matter how the job is difficult .
If you want to actually know somebody you can spend the whole day with that person or place but if you do not , you do not even speak to that person or even go there .
An 7unsuspection user can not tell the entry has been tampered with .
This is prevented if a broad choice is given .
Usually I do n't want just myself in an unknown place .
I think cars will not be replaced completely by new automobile innovations but they will certainly be in fewer numbers .
Now , I am a really happy girl because I find my confidence .
These advertisements make products seem much better than they really are .
But in contrast , a lecture professor states that it is impossible that video is not expensive .
And to do that we need to move .
Does age actually have an impact on the way you live your own life ?
Robot can work all of the days , and no one is tired .
Eventually , some of them wanted to buy the product .
Successful therapists need to know that one treatment can help one person but for another could not be appropriate .
In today 's world we have just developed the first aspect .
I had lots of problems about studying science .
It 's big importance is conscious of the bad consequences of it 's decline if people continue to prefer laying down at home watching bad TV programs and other ways of easy culture , maybe more attractive to them , but bad for our future .
So we are more successful the day of the exam .
Professors need them to do a project .
And when you order a big mac and see the size of it , it 's nothing compared to what you saw in the commercial I feel like throwing it at their face .
But I can not use only my own subject to design a building .
Although life is never easy : the age does n't depend on when you can be protected or prevented from bad things .
If not , we do not need to start its procedure .
It is called " ballast water . "
There are many people like me , the fashion market will become developed .
The student must be capable of understanding ideas and concepts , and at the same time , knowing the way how they must be developed .
We are also able to deal with the problems found with it .
Second , there is evidence that associates the Sphinx with a known Old Kingdom king .
The companies want to show their product as the best one in the competitive market and in this race they generally mislead the consumer .
First of all , the lecture thinks that taking the gas tax to reduce the number of gas consumers is not good for economics .
But if he did one machine like that , if he wants , he can do another different , but he does n't think that , because he does n't know his own abilities .
And I think that young people were more politically engaged in previous times .
But as we are young , our body generates the new cell .
It is a brilliant idea , and you know that you are really good working with small boys and girls , but you have to risk your work , your salary , and with this almost your life for an idea that may or may not work .
It 's modern life now .
Brifly , sharing the cost of a vacation trip is a very good advantage for travel .
There are youths who acquire immense pleasure and self satisfaction by helping in community work .
In order to get an ecocertification , many wood companies around the world have introduced new ecologically friendly practices .
For example , you were working like a broadcaster but in the office and city where you are working .
She knows just what the teacher has told her but no more .
When I have been to Europe by using this , I can save lots of money .
The last one is the proposed limit on menhadenhresting could mean the reduction of this problem is not just in Menhaden but also in several countries .
If the status of cars is still at the present level , something else of course will take the place of cars in our lives , but history tells us that advancement will never stop .
On admission to the University , the subject breaks down in very many subjects .
They would use bicycles due to the relatively cheap cost and minimal need for maintenance .
It will also be unfair , because it would affect low-income Americans much more seriously than well-to-do Americans In the listening part the woman explains the nir reality that raising gasoline tax does not reflect the real economic damage .
But this is not the situation for the old people .
This might contribute to a decreasing number of cars , especially in developed countries like we found them in Europe for example .
People who are trying to get into good university study by themselves every day while I play around without reviewing and studying .
But that is a different situation , because at this stage , the graduate will have already guaranteed his or her bachelor 's degree .
When facing such challenges , only those who are persistent , determined and always strive until the last minute despite of the risks can finally be successful .
I was so mad at the tour so since then I like to travel by myself or without tour .
You can benefit from this knowledge in many situations .
But they are not examples for the whole of the world .
And governments will not provide a good public transportation system for many years later .
People are not dependent on other people or time schedules of , for example , trains , trams and buses .
1 7-5 0 people survey to require all class and selective class .
For example , nobody is going to ask his personal doctor , which he sees when he has a flue , if he can also do a heart surgery or transplant organs .
As a young person you can do some high risk sports like climbing a mountain , for example , that would be too hard for an old person to do .
We can stay on the internet for a long time .
They bring us to far places at quite a fast speed without much human physical exertion .
And people can not be ready to pay the taxes .
Further more by these evidence you will agree .
We went to Pink 's hot dog .
In old times , the families tend to live in the same place for ages .
However , many companies joined them and also sell textiles .
And details is the key element here , especially in the academic domain .
For example , my parents went on a group tour to my country in Korea last summer .
By this you can learn to gain the knowledge .
People are not and should n't be robots .
I think that young people are not able to think deeply for the things than older people .
Cars became an important thing in our life .
My friend is to celebrate the party .
I was upset and depressed .
For instance , when I was a university student , I researched and reported about a community history in groups .
Thus , most of the inhabitants in the rural areas are the old ones .
This is very positive for the company and probably he will get a better position .
While air travel has increased in recent years , there has been no decrease in car travel or car sales .
The product is always presented in a perfect way .
On one hand you have the general practitioners who look at all the basic problems related to the body while on the other hand you have the specialists who only take care of specific areas whether it be an orthopaedic surgeon ( related to bones ) , a cardiologist ( related to heart ) or an ENT ( ear , nose , throat ) surgeon .
The definition of young or older is not apparent .
Every knowledge is connected to each other .
First , the hunter is the most dangerous thing in this world for the bird .
Hence , in twenty years , the need for a man to go out and get what he wants will be out of question .
Thus , in my view , the points made in the lecture surely challenge the specific details or the points made in the reading passage more effectively .
That is to say , not all the old things lead to the failure .
The reason these problems occur is also because of the exam .
What would be its environmental impact ?
This point affects the environment of the world in case of wasting the energy .
If he satisfied his situation and did not make efforts to overcome himself , not only could he be remembered as a great artist but he also never met many great music .
He may feel afraid or terrible when the same thing happened to him .
Some people might bring a good plan to you .
When older people think like that it 's a big problem with young people .
Many scientists searched the area , but they could n't find particles .
The question : which is more important ; making students to understand ideas and concepts or to learn facts , can be answered based on the level of learning which the student is undertaking .
Some people said that placebo is really a drug , about 3 - 0 percent of patients agree with this idea .
Because they can get a great amount of money from these companies .
The so delicious , golden fries seen on television , might actually be pale , potato stumps , fried to almost perfection in very very old oil .
Therefore , the government in America should decide to raise the gasoline tax as proposed .
It will eat insects or animals that will do damage to places so that it can avoid losses to repair things .
Parents now have less time to bring up their children , and grandparents might therefore help them more often .
After that they have to find a well - paid job .
But about my self im gonna have it to because my brother always talks about it and i agree with that broad knowledge .
And does n't matter if the person who takes the risks , has like all the things he or she has in mind , the important is that they made all the things and they prove that they can do a lot of things in their lives , always thinking in good results for themselves and for the whole world .
I once read a report said that during the Vietnam war , more Americans died on roads in their cars than on the battlefield .
I know Bill Gates , president of Window Media , is the best of the World Rich .
With only facts , the students can only guess about the reasons behind the facts .
The cost of underground is very cheap in some countries such as France .
For example , it happens to me when I studied the concept of inflaction .
It would lead to a tremendous air and noise population .
I especially practiced for hitting rather than receiving .
People also do not do anything .
So , to achieve that goal , different techniques are used .
So they will be able to get more knowledge in their free time .
So let 's not lose hope and let the scientists do the job , but i think being in a traffic jam is a stressful situation it requires time and patients and there are many more disadvantages about the large number of cars .
When I was a senior high school student , I spent all of my time studying textbooks for the tests .
For example , there may be elderly travelers which may cause slow movements due to their unability to walk fast .
This is evidence that the company that made some products had to pay lots of money to the broadcasting bureaus .
Many people surrounding you admire you of your multi - knowledge , and try to be familiar with you .
First of all , it is one area allowed to become more developed .
In 2 1th our young people can learn a lot of academic subjects .
Many climbers died because of the coldness and lack of oxygen .
The new things bring the brainstorm which other people can not get .
The government would like to reduce the population with these fishing limits .
Like disking , it would stop an advancing fire .
I would spend as much time as I want , if I like the visiting place .
So if you want me to choose right now , I will choose ordinary milk instead of that special kind .
These days our communication is also in a very good step .
They sometimes teach poor people who can not afford to go to college , and also , they teach poor kids , too .
If you randomly find a hotel , it might be either too expensive , or it could be unsafe .
But not moving and always keeping to old things can not improve a person 's life .
Local communities have the main role of protecting children if such children are their own children or not .
If they are urged to understand the concept that is being passed and interact with the information , the learning process will take place in a completely different way .
How they found their work place or foods , so they had no space for their communities in their mind .
His success belongs to his new try .
But if one who majors in art also learns something about natural science , he will be lucky to be equipped with the ability to think more logically .
Movies and other television shows provide a lot of information about how real life is .
There is many ways for this another example bottle of juice if it 's that bad they make their shape wonderful like making it colourful .
It is because they do not think the new thing to promote or make the people feel very good .
Other tourists would teach you some tips for the travel with their experience .
The government also should try to reduce the striped bass population .
A lot of memories with enough time to remember will increase the possibility of enjoyment .
The sense of violence can affect on them .
While the communities in general have reckoned that they need support from the young people , they must have made an appeal of it in a reasonable sense .
